<?xml version="1.0" encoding="UTF-8"?>
<testng-results skipped="3" failed="0" total="3" passed="0">
  <reporter-output>
  </reporter-output>
  <suite name="Suite" duration-ms="36414" started-at="2018-04-19T07:22:39Z" finished-at="2018-04-19T07:23:16Z">
    <groups>
    </groups>
    <test name="Test" duration-ms="36414" started-at="2018-04-19T07:22:39Z" finished-at="2018-04-19T07:23:16Z">
      <class name="robimyplex.Search">
        <test-method status="PASS" signature="launch()[pri:0, instance:robimyplex.Search@58ceff1]" name="launch" is-config="true" duration-ms="36372" started-at="2018-04-19T12:52:39Z" finished-at="2018-04-19T12:53:16Z">
          <reporter-output>
          </reporter-output>
        </test-method> <!-- launch -->
        <test-method status="FAIL" signature="launch()[pri:0, instance:robimyplex.VideoSearch@7c30a502]" name="launch" is-config="true" duration-ms="0" started-at="2018-04-19T12:53:16Z" finished-at="2018-04-19T12:53:16Z">
          <exception class="org.openqa.selenium.SessionNotCreatedException">
            <message>
              <![CDATA[A new session could not be created. (Original error: Requested a new session but one was in progress) (WARNING: The server did not provide any stacktrace information)
Command duration or timeout: 30 milliseconds
Build info: version: '2.53.0', revision: '35ae25b', time: '2016-03-15 16:57:40'
System info: host: 'SPrakash-PC', ip: '192.168.60.238', os.name: 'Windows 7', os.arch: 'amd64', os.version: '6.1', java.version: '1.8.0_161'
Driver info: io.appium.java_client.android.AndroidDriver]]>
            </message>
            <full-stacktrace>
              <![CDATA[org.openqa.selenium.SessionNotCreatedException: A new session could not be created. (Original error: Requested a new session but one was in progress) (WARNING: The server did not provide any stacktrace information)
Command duration or timeout: 30 milliseconds
Build info: version: '2.53.0', revision: '35ae25b', time: '2016-03-15 16:57:40'
System info: host: 'SPrakash-PC', ip: '192.168.60.238', os.name: 'Windows 7', os.arch: 'amd64', os.version: '6.1', java.version: '1.8.0_161'
Driver info: io.appium.java_client.android.AndroidDriver
	at sun.reflect.NativeConstructorAccessorImpl.newInstance0(Native Method)
	at sun.reflect.NativeConstructorAccessorImpl.newInstance(Unknown Source)
	at sun.reflect.DelegatingConstructorAccessorImpl.newInstance(Unknown Source)
	at java.lang.reflect.Constructor.newInstance(Unknown Source)
	at org.openqa.selenium.remote.ErrorHandler.createThrowable(ErrorHandler.java:206)
	at org.openqa.selenium.remote.ErrorHandler.throwIfResponseFailed(ErrorHandler.java:158)
	at org.openqa.selenium.remote.RemoteWebDriver.execute(RemoteWebDriver.java:678)
	at io.appium.java_client.AppiumDriver.execute(AppiumDriver.java:180)
	at org.openqa.selenium.remote.RemoteWebDriver.startSession(RemoteWebDriver.java:249)
	at org.openqa.selenium.remote.RemoteWebDriver.<init>(RemoteWebDriver.java:131)
	at org.openqa.selenium.remote.RemoteWebDriver.<init>(RemoteWebDriver.java:158)
	at io.appium.java_client.AppiumDriver.<init>(AppiumDriver.java:109)
	at io.appium.java_client.android.AndroidDriver.<init>(AndroidDriver.java:39)
	at robimyplex.VideoSearch.launch(VideoSearch.java:73)
	at sun.reflect.NativeMethodAccessorImpl.invoke0(Native Method)
	at sun.reflect.NativeMethodAccessorImpl.invoke(Unknown Source)
	at sun.reflect.DelegatingMethodAccessorImpl.invoke(Unknown Source)
	at java.lang.reflect.Method.invoke(Unknown Source)
	at org.testng.internal.MethodInvocationHelper.invokeMethod(MethodInvocationHelper.java:85)
	at org.testng.internal.Invoker.invokeConfigurationMethod(Invoker.java:510)
	at org.testng.internal.Invoker.invokeConfigurations(Invoker.java:211)
	at org.testng.internal.Invoker.invokeConfigurations(Invoker.java:138)
	at org.testng.TestRunner.beforeRun(TestRunner.java:648)
	at org.testng.TestRunner.run(TestRunner.java:616)
	at org.testng.SuiteRunner.runTest(SuiteRunner.java:359)
	at org.testng.SuiteRunner.runSequentially(SuiteRunner.java:354)
	at org.testng.SuiteRunner.privateRun(SuiteRunner.java:312)
	at org.testng.SuiteRunner.run(SuiteRunner.java:261)
	at org.testng.SuiteRunnerWorker.runSuite(SuiteRunnerWorker.java:52)
	at org.testng.SuiteRunnerWorker.run(SuiteRunnerWorker.java:86)
	at org.testng.TestNG.runSuitesSequentially(TestNG.java:1215)
	at org.testng.TestNG.runSuitesLocally(TestNG.java:1140)
	at org.testng.TestNG.run(TestNG.java:1048)
	at org.testng.TestNG.privateMain(TestNG.java:1355)
	at org.testng.TestNG.main(TestNG.java:1324)
]]>
            </full-stacktrace>
          </exception> <!-- org.openqa.selenium.SessionNotCreatedException -->
          <reporter-output>
          </reporter-output>
        </test-method> <!-- launch -->
        <test-method status="SKIP" signature="Report()[pri:0, instance:robimyplex.Search@58ceff1]" name="Report" is-config="true" duration-ms="0" started-at="2018-04-19T12:53:16Z" finished-at="2018-04-19T12:53:16Z">
          <reporter-output>
          </reporter-output>
        </test-method> <!-- Report -->
        <test-method status="SKIP" signature="login()[pri:0, instance:robimyplex.Search@58ceff1]" name="login" duration-ms="0" started-at="2018-04-19T12:53:16Z" finished-at="2018-04-19T12:53:16Z">
          <reporter-output>
          </reporter-output>
        </test-method> <!-- login -->
        <test-method status="SKIP" signature="Report()[pri:0, instance:robimyplex.VideoSearch@7c30a502]" name="Report" is-config="true" duration-ms="0" started-at="2018-04-19T12:53:16Z" finished-at="2018-04-19T12:53:16Z">
          <reporter-output>
          </reporter-output>
        </test-method> <!-- Report -->
        <test-method status="SKIP" signature="search()[pri:1, instance:robimyplex.Search@58ceff1]" name="search" duration-ms="0" started-at="2018-04-19T12:53:16Z" finished-at="2018-04-19T12:53:16Z">
          <reporter-output>
          </reporter-output>
        </test-method> <!-- search -->
      </class> <!-- robimyplex.Search -->
      <class name="robimyplex.VideoSearch">
        <test-method status="SKIP" signature="search()[pri:1, instance:robimyplex.VideoSearch@7c30a502]" name="search" duration-ms="0" started-at="2018-04-19T12:53:16Z" finished-at="2018-04-19T12:53:16Z">
          <reporter-output>
          </reporter-output>
        </test-method> <!-- search -->
      </class> <!-- robimyplex.VideoSearch -->
    </test> <!-- Test -->
  </suite> <!-- Suite -->
</testng-results>
